{"total": {"lines":{"total":1097,"covered":856,"skipped":0,"pct":78.03},"statements":{"total":1097,"covered":856,"skipped":0,"pct":78.03},"functions":{"total":56,"covered":43,"skipped":0,"pct":76.78},"branches":{"total":152,"covered":127,"skipped":0,"pct":83.55},"branchesTrue":{"total":0,"covered":0,"skipped":0,"pct":100}}
,"C:\\Users\\RAYMOND\\Desktop\\Work Projects\\training-raymond\\apps\\ui\\src\\App.tsx": {"lines":{"total":16,"covered":16,"skipped":0,"pct":100},"functions":{"total":1,"covered":1,"skipped":0,"pct":100},"statements":{"total":16,"covered":16,"skipped":0,"pct":100},"branches":{"total":1,"covered":1,"skipped":0,"pct":100}}
,"C:\\Users\\RAYMOND\\Desktop\\Work Projects\\training-raymond\\apps\\ui\\src\\testing-library-vitest.ts": {"lines":{"total":216,"covered":116,"skipped":0,"pct":53.7},"functions":{"total":8,"covered":3,"skipped":0,"pct":37.5},"statements":{"total":216,"covered":116,"skipped":0,"pct":53.7},"branches":{"total":10,"covered":5,"skipped":0,"pct":50}}
,"C:\\Users\\RAYMOND\\Desktop\\Work Projects\\training-raymond\\apps\\ui\\src\\components\\index.ts": {"lines":{"total":3,"covered":0,"skipped":0,"pct":0},"functions":{"total":1,"covered":0,"skipped":0,"pct":0},"statements":{"total":3,"covered":0,"skipped":0,"pct":0},"branches":{"total":1,"covered":0,"skipped":0,"pct":0}}
,"C:\\Users\\RAYMOND\\Desktop\\Work Projects\\training-raymond\\apps\\ui\\src\\components\\expenses\\CategorySelector.tsx": {"lines":{"total":43,"covered":43,"skipped":0,"pct":100},"functions":{"total":2,"covered":2,"skipped":0,"pct":100},"statements":{"total":43,"covered":43,"skipped":0,"pct":100},"branches":{"total":6,"covered":5,"skipped":0,"pct":83.33}}
,"C:\\Users\\RAYMOND\\Desktop\\Work Projects\\training-raymond\\apps\\ui\\src\\components\\expenses\\ExpensesPlaceholder.tsx": {"lines":{"total":14,"covered":0,"skipped":0,"pct":0},"functions":{"total":1,"covered":0,"skipped":0,"pct":0},"statements":{"total":14,"covered":0,"skipped":0,"pct":0},"branches":{"total":1,"covered":0,"skipped":0,"pct":0}}
,"C:\\Users\\RAYMOND\\Desktop\\Work Projects\\training-raymond\\apps\\ui\\src\\components\\expenses\\MonthSelector.tsx": {"lines":{"total":43,"covered":43,"skipped":0,"pct":100},"functions":{"total":2,"covered":2,"skipped":0,"pct":100},"statements":{"total":43,"covered":43,"skipped":0,"pct":100},"branches":{"total":7,"covered":7,"skipped":0,"pct":100}}
,"C:\\Users\\RAYMOND\\Desktop\\Work Projects\\training-raymond\\apps\\ui\\src\\components\\expenses\\TotalsSummary.tsx": {"lines":{"total":47,"covered":47,"skipped":0,"pct":100},"functions":{"total":1,"covered":1,"skipped":0,"pct":100},"statements":{"total":47,"covered":47,"skipped":0,"pct":100},"branches":{"total":4,"covered":4,"skipped":0,"pct":100}}
,"C:\\Users\\RAYMOND\\Desktop\\Work Projects\\training-raymond\\apps\\ui\\src\\components\\quote\\QuotePlaceholder.tsx": {"lines":{"total":14,"covered":0,"skipped":0,"pct":0},"functions":{"total":1,"covered":0,"skipped":0,"pct":0},"statements":{"total":14,"covered":0,"skipped":0,"pct":0},"branches":{"total":1,"covered":0,"skipped":0,"pct":0}}
,"C:\\Users\\RAYMOND\\Desktop\\Work Projects\\training-raymond\\apps\\ui\\src\\components\\todo\\TodoPlaceholder.tsx": {"lines":{"total":14,"covered":0,"skipped":0,"pct":0},"functions":{"total":1,"covered":0,"skipped":0,"pct":0},"statements":{"total":14,"covered":0,"skipped":0,"pct":0},"branches":{"total":1,"covered":0,"skipped":0,"pct":0}}
,"C:\\Users\\RAYMOND\\Desktop\\Work Projects\\training-raymond\\apps\\ui\\src\\lib\\expenses\\totals.ts": {"lines":{"total":289,"covered":258,"skipped":0,"pct":89.27},"functions":{"total":16,"covered":16,"skipped":0,"pct":100},"statements":{"total":289,"covered":258,"skipped":0,"pct":89.27},"branches":{"total":61,"covered":53,"skipped":0,"pct":86.88}}
,"C:\\Users\\RAYMOND\\Desktop\\Work Projects\\training-raymond\\apps\\ui\\src\\pages\\Expenses.tsx": {"lines":{"total":140,"covered":140,"skipped":0,"pct":100},"functions":{"total":4,"covered":4,"skipped":0,"pct":100},"statements":{"total":140,"covered":140,"skipped":0,"pct":100},"branches":{"total":15,"covered":15,"skipped":0,"pct":100}}
,"C:\\Users\\RAYMOND\\Desktop\\Work Projects\\training-raymond\\apps\\ui\\src\\pages\\ExpensesPage.tsx": {"lines":{"total":20,"covered":0,"skipped":0,"pct":0},"functions":{"total":1,"covered":0,"skipped":0,"pct":0},"statements":{"total":20,"covered":0,"skipped":0,"pct":0},"branches":{"total":1,"covered":0,"skipped":0,"pct":0}}
,"C:\\Users\\RAYMOND\\Desktop\\Work Projects\\training-raymond\\apps\\ui\\src\\pages\\QuotePage.tsx": {"lines":{"total":20,"covered":0,"skipped":0,"pct":0},"functions":{"total":1,"covered":0,"skipped":0,"pct":0},"statements":{"total":20,"covered":0,"skipped":0,"pct":0},"branches":{"total":1,"covered":0,"skipped":0,"pct":0}}
,"C:\\Users\\RAYMOND\\Desktop\\Work Projects\\training-raymond\\apps\\ui\\src\\pages\\ToDoPage.tsx": {"lines":{"total":20,"covered":0,"skipped":0,"pct":0},"functions":{"total":1,"covered":0,"skipped":0,"pct":0},"statements":{"total":20,"covered":0,"skipped":0,"pct":0},"branches":{"total":1,"covered":0,"skipped":0,"pct":0}}
,"C:\\Users\\RAYMOND\\Desktop\\Work Projects\\training-raymond\\apps\\ui\\src\\pages\\index.ts": {"lines":{"total":3,"covered":0,"skipped":0,"pct":0},"functions":{"total":1,"covered":0,"skipped":0,"pct":0},"statements":{"total":3,"covered":0,"skipped":0,"pct":0},"branches":{"total":1,"covered":0,"skipped":0,"pct":0}}
,"C:\\Users\\RAYMOND\\Desktop\\Work Projects\\training-raymond\\apps\\ui\\src\\tests\\helpers.ts": {"lines":{"total":195,"covered":193,"skipped":0,"pct":98.97},"functions":{"total":14,"covered":14,"skipped":0,"pct":100},"statements":{"total":195,"covered":193,"skipped":0,"pct":98.97},"branches":{"total":40,"covered":37,"skipped":0,"pct":92.5}}
}
