{"total": {"lines":{"total":2233,"covered":1933,"skipped":0,"pct":86.56},"statements":{"total":2233,"covered":1933,"skipped":0,"pct":86.56},"functions":{"total":92,"covered":72,"skipped":0,"pct":78.26},"branches":{"total":244,"covered":208,"skipped":0,"pct":85.24},"branchesTrue":{"total":0,"covered":0,"skipped":0,"pct":100}}
,"C:\\Users\\RAYMOND\\Desktop\\Work Projects\\training-raymond\\apps\\ui\\src\\App.tsx": {"lines":{"total":69,"covered":69,"skipped":0,"pct":100},"functions":{"total":3,"covered":1,"skipped":0,"pct":33.33},"statements":{"total":69,"covered":69,"skipped":0,"pct":100},"branches":{"total":4,"covered":1,"skipped":0,"pct":25}}
,"C:\\Users\\RAYMOND\\Desktop\\Work Projects\\training-raymond\\apps\\ui\\src\\testing-library-vitest.ts": {"lines":{"total":231,"covered":127,"skipped":0,"pct":54.97},"functions":{"total":9,"covered":3,"skipped":0,"pct":33.33},"statements":{"total":231,"covered":127,"skipped":0,"pct":54.97},"branches":{"total":17,"covered":10,"skipped":0,"pct":58.82}}
,"C:\\Users\\RAYMOND\\Desktop\\Work Projects\\training-raymond\\apps\\ui\\src\\components\\index.ts": {"lines":{"total":15,"covered":0,"skipped":0,"pct":0},"functions":{"total":1,"covered":0,"skipped":0,"pct":0},"statements":{"total":15,"covered":0,"skipped":0,"pct":0},"branches":{"total":1,"covered":0,"skipped":0,"pct":0}}
,"C:\\Users\\RAYMOND\\Desktop\\Work Projects\\training-raymond\\apps\\ui\\src\\components\\expenses\\CategorySelector.tsx": {"lines":{"total":43,"covered":43,"skipped":0,"pct":100},"functions":{"total":2,"covered":2,"skipped":0,"pct":100},"statements":{"total":43,"covered":43,"skipped":0,"pct":100},"branches":{"total":6,"covered":5,"skipped":0,"pct":83.33}}
,"C:\\Users\\RAYMOND\\Desktop\\Work Projects\\training-raymond\\apps\\ui\\src\\components\\expenses\\ExpensesPlaceholder.tsx": {"lines":{"total":14,"covered":0,"skipped":0,"pct":0},"functions":{"total":1,"covered":0,"skipped":0,"pct":0},"statements":{"total":14,"covered":0,"skipped":0,"pct":0},"branches":{"total":1,"covered":0,"skipped":0,"pct":0}}
,"C:\\Users\\RAYMOND\\Desktop\\Work Projects\\training-raymond\\apps\\ui\\src\\components\\expenses\\MonthSelector.tsx": {"lines":{"total":43,"covered":43,"skipped":0,"pct":100},"functions":{"total":2,"covered":2,"skipped":0,"pct":100},"statements":{"total":43,"covered":43,"skipped":0,"pct":100},"branches":{"total":7,"covered":7,"skipped":0,"pct":100}}
,"C:\\Users\\RAYMOND\\Desktop\\Work Projects\\training-raymond\\apps\\ui\\src\\components\\expenses\\TotalsSummary.tsx": {"lines":{"total":47,"covered":47,"skipped":0,"pct":100},"functions":{"total":1,"covered":1,"skipped":0,"pct":100},"statements":{"total":47,"covered":47,"skipped":0,"pct":100},"branches":{"total":4,"covered":4,"skipped":0,"pct":100}}
,"C:\\Users\\RAYMOND\\Desktop\\Work Projects\\training-raymond\\apps\\ui\\src\\components\\quote\\QuotePlaceholder.tsx": {"lines":{"total":14,"covered":0,"skipped":0,"pct":0},"functions":{"total":1,"covered":0,"skipped":0,"pct":0},"statements":{"total":14,"covered":0,"skipped":0,"pct":0},"branches":{"total":1,"covered":0,"skipped":0,"pct":0}}
,"C:\\Users\\RAYMOND\\Desktop\\Work Projects\\training-raymond\\apps\\ui\\src\\components\\todo\\TodoAddForm.tsx": {"lines":{"total":152,"covered":152,"skipped":0,"pct":100},"functions":{"total":5,"covered":5,"skipped":0,"pct":100},"statements":{"total":152,"covered":152,"skipped":0,"pct":100},"branches":{"total":8,"covered":8,"skipped":0,"pct":100}}
,"C:\\Users\\RAYMOND\\Desktop\\Work Projects\\training-raymond\\apps\\ui\\src\\components\\todo\\TodoCompleteForm.tsx": {"lines":{"total":94,"covered":90,"skipped":0,"pct":95.74},"functions":{"total":4,"covered":4,"skipped":0,"pct":100},"statements":{"total":94,"covered":90,"skipped":0,"pct":95.74},"branches":{"total":9,"covered":7,"skipped":0,"pct":77.77}}
,"C:\\Users\\RAYMOND\\Desktop\\Work Projects\\training-raymond\\apps\\ui\\src\\components\\todo\\TodoFilters.tsx": {"lines":{"total":102,"covered":102,"skipped":0,"pct":100},"functions":{"total":3,"covered":3,"skipped":0,"pct":100},"statements":{"total":102,"covered":102,"skipped":0,"pct":100},"branches":{"total":4,"covered":4,"skipped":0,"pct":100}}
,"C:\\Users\\RAYMOND\\Desktop\\Work Projects\\training-raymond\\apps\\ui\\src\\components\\todo\\TodoList.tsx": {"lines":{"total":182,"covered":175,"skipped":0,"pct":96.15},"functions":{"total":5,"covered":4,"skipped":0,"pct":80},"statements":{"total":182,"covered":175,"skipped":0,"pct":96.15},"branches":{"total":18,"covered":17,"skipped":0,"pct":94.44}}
,"C:\\Users\\RAYMOND\\Desktop\\Work Projects\\training-raymond\\apps\\ui\\src\\components\\todo\\TodoPlaceholder.tsx": {"lines":{"total":14,"covered":0,"skipped":0,"pct":0},"functions":{"total":1,"covered":0,"skipped":0,"pct":0},"statements":{"total":14,"covered":0,"skipped":0,"pct":0},"branches":{"total":1,"covered":0,"skipped":0,"pct":0}}
,"C:\\Users\\RAYMOND\\Desktop\\Work Projects\\training-raymond\\apps\\ui\\src\\lib\\expenses\\totals.ts": {"lines":{"total":289,"covered":258,"skipped":0,"pct":89.27},"functions":{"total":16,"covered":16,"skipped":0,"pct":100},"statements":{"total":289,"covered":258,"skipped":0,"pct":89.27},"branches":{"total":61,"covered":53,"skipped":0,"pct":86.88}}
,"C:\\Users\\RAYMOND\\Desktop\\Work Projects\\training-raymond\\apps\\ui\\src\\lib\\time\\clock.ts": {"lines":{"total":206,"covered":170,"skipped":0,"pct":82.52},"functions":{"total":11,"covered":8,"skipped":0,"pct":72.72},"statements":{"total":206,"covered":170,"skipped":0,"pct":82.52},"branches":{"total":10,"covered":8,"skipped":0,"pct":80}}
,"C:\\Users\\RAYMOND\\Desktop\\Work Projects\\training-raymond\\apps\\ui\\src\\pages\\Expenses.tsx": {"lines":{"total":140,"covered":140,"skipped":0,"pct":100},"functions":{"total":4,"covered":4,"skipped":0,"pct":100},"statements":{"total":140,"covered":140,"skipped":0,"pct":100},"branches":{"total":15,"covered":15,"skipped":0,"pct":100}}
,"C:\\Users\\RAYMOND\\Desktop\\Work Projects\\training-raymond\\apps\\ui\\src\\pages\\ExpensesPage.tsx": {"lines":{"total":20,"covered":0,"skipped":0,"pct":0},"functions":{"total":1,"covered":0,"skipped":0,"pct":0},"statements":{"total":20,"covered":0,"skipped":0,"pct":0},"branches":{"total":1,"covered":0,"skipped":0,"pct":0}}
,"C:\\Users\\RAYMOND\\Desktop\\Work Projects\\training-raymond\\apps\\ui\\src\\pages\\QuotePage.tsx": {"lines":{"total":20,"covered":0,"skipped":0,"pct":0},"functions":{"total":1,"covered":0,"skipped":0,"pct":0},"statements":{"total":20,"covered":0,"skipped":0,"pct":0},"branches":{"total":1,"covered":0,"skipped":0,"pct":0}}
,"C:\\Users\\RAYMOND\\Desktop\\Work Projects\\training-raymond\\apps\\ui\\src\\pages\\ToDo.tsx": {"lines":{"total":324,"covered":324,"skipped":0,"pct":100},"functions":{"total":5,"covered":5,"skipped":0,"pct":100},"statements":{"total":324,"covered":324,"skipped":0,"pct":100},"branches":{"total":33,"covered":32,"skipped":0,"pct":96.96}}
,"C:\\Users\\RAYMOND\\Desktop\\Work Projects\\training-raymond\\apps\\ui\\src\\pages\\ToDoPage.tsx": {"lines":{"total":12,"covered":0,"skipped":0,"pct":0},"functions":{"total":1,"covered":0,"skipped":0,"pct":0},"statements":{"total":12,"covered":0,"skipped":0,"pct":0},"branches":{"total":1,"covered":0,"skipped":0,"pct":0}}
,"C:\\Users\\RAYMOND\\Desktop\\Work Projects\\training-raymond\\apps\\ui\\src\\pages\\index.ts": {"lines":{"total":7,"covered":0,"skipped":0,"pct":0},"functions":{"total":1,"covered":0,"skipped":0,"pct":0},"statements":{"total":7,"covered":0,"skipped":0,"pct":0},"branches":{"total":1,"covered":0,"skipped":0,"pct":0}}
,"C:\\Users\\RAYMOND\\Desktop\\Work Projects\\training-raymond\\apps\\ui\\src\\tests\\helpers.ts": {"lines":{"total":195,"covered":193,"skipped":0,"pct":98.97},"functions":{"total":14,"covered":14,"skipped":0,"pct":100},"statements":{"total":195,"covered":193,"skipped":0,"pct":98.97},"branches":{"total":40,"covered":37,"skipped":0,"pct":92.5}}
}
